Build started 4/13/2015 7:33:19 PM.
     1>Project "C:\Users\mp755\Desktop\SPRING 2015\Work\CMPSC 457\Labs\Lab 10\Lab10_Tutorial\Lab10_Tutorial.vcxproj" on node 2 (Build target(s)).
     1>ClCompile:
         C:\Program Files (x86)\Microsoft Visual Studio 12.0\VC\bin\CL.exe /c /I"C:\Users\mp755\Desktop\SPRING 2015\Work\CMPSC 457\Labs\Lab 10\packages\nupengl.core.0.0.0.1\build\native\../..//build/native/include/" /ZI /nologo /W3 /WX- /sdl /Od /Oy- /D _MBCS /Gm /EHsc /RTC1 /MDd /GS /fp:precise /Zc:wchar_t /Zc:forScope /Fo"Debug\\" /Fd"Debug\vc120.pdb" /Gd /TP /analyze- /errorReport:prompt Source.cpp
         Source.cpp
     1>c:\users\mp755\desktop\spring 2015\work\cmpsc 457\labs\lab 10\lab10_tutorial\source.cpp(35): warning C4305: 'initializing' : truncation from 'double' to 'GLfloat'
     1>c:\users\mp755\desktop\spring 2015\work\cmpsc 457\labs\lab 10\lab10_tutorial\source.cpp(36): warning C4305: 'initializing' : truncation from 'double' to 'GLfloat'
     1>c:\users\mp755\desktop\spring 2015\work\cmpsc 457\labs\lab 10\lab10_tutorial\source.cpp(37): warning C4305: 'initializing' : truncation from 'double' to 'GLfloat'
     1>c:\users\mp755\desktop\spring 2015\work\cmpsc 457\labs\lab 10\lab10_tutorial\source.cpp(45): warning C4305: 'argument' : truncation from 'double' to 'GLfloat'
     1>c:\users\mp755\desktop\spring 2015\work\cmpsc 457\labs\lab 10\lab10_tutorial\source.cpp(50): warning C4305: 'argument' : truncation from 'double' to 'GLfloat'
     1>c:\users\mp755\desktop\spring 2015\work\cmpsc 457\labs\lab 10\lab10_tutorial\source.cpp(52): warning C4305: 'argument' : truncation from 'double' to 'GLfloat'
     1>c:\users\mp755\desktop\spring 2015\work\cmpsc 457\labs\lab 10\lab10_tutorial\source.cpp(63): warning C4305: 'initializing' : truncation from 'double' to 'GLfloat'
     1>c:\users\mp755\desktop\spring 2015\work\cmpsc 457\labs\lab 10\lab10_tutorial\source.cpp(85): warning C4305: 'initializing' : truncation from 'double' to 'GLfloat'
     1>c:\users\mp755\desktop\spring 2015\work\cmpsc 457\labs\lab 10\lab10_tutorial\source.cpp(86): warning C4305: 'initializing' : truncation from 'double' to 'GLfloat'
     1>c:\users\mp755\desktop\spring 2015\work\cmpsc 457\labs\lab 10\lab10_tutorial\source.cpp(109): warning C4244: '+=' : conversion from 'double' to 'GLfloat', possible loss of data
     1>c:\users\mp755\desktop\spring 2015\work\cmpsc 457\labs\lab 10\lab10_tutorial\source.cpp(110): warning C4244: '+=' : conversion from 'double' to 'GLfloat', possible loss of data
     1>c:\users\mp755\desktop\spring 2015\work\cmpsc 457\labs\lab 10\lab10_tutorial\source.cpp(119): warning C4305: 'initializing' : truncation from 'double' to 'GLfloat'
     1>c:\users\mp755\desktop\spring 2015\work\cmpsc 457\labs\lab 10\lab10_tutorial\source.cpp(121): warning C4305: 'initializing' : truncation from 'double' to 'GLfloat'
     1>c:\users\mp755\desktop\spring 2015\work\cmpsc 457\labs\lab 10\lab10_tutorial\source.cpp(122): warning C4305: 'initializing' : truncation from 'double' to 'GLfloat'
     1>c:\users\mp755\desktop\spring 2015\work\cmpsc 457\labs\lab 10\lab10_tutorial\source.cpp(156): warning C4305: 'argument' : truncation from 'double' to 'GLfloat'
     1>c:\users\mp755\desktop\spring 2015\work\cmpsc 457\labs\lab 10\lab10_tutorial\source.cpp(163): warning C4305: 'argument' : truncation from 'double' to 'GLfloat'
     1>c:\users\mp755\desktop\spring 2015\work\cmpsc 457\labs\lab 10\lab10_tutorial\source.cpp(178): warning C4305: 'argument' : truncation from 'double' to 'GLclampf'
       Link:
         C:\Program Files (x86)\Microsoft Visual Studio 12.0\VC\bin\link.exe /ERRORREPORT:PROMPT /OUT:"C:\Users\mp755\Desktop\SPRING 2015\Work\CMPSC 457\Labs\Lab 10\Debug\Lab10_Tutorial.exe" /INCREMENTAL /NOLOGO "C:\Users\mp755\Desktop\SPRING 2015\Work\CMPSC 457\Labs\Lab 10\packages\nupengl.core.0.0.0.1\build\native\../..//build/native/lib/Win32\v120\glew32.lib" "C:\Users\mp755\Desktop\SPRING 2015\Work\CMPSC 457\Labs\Lab 10\packages\nupengl.core.0.0.0.1\build\native\../..//build/native/lib/Win32\v120\glfw3dll.lib" "C:\Users\mp755\Desktop\SPRING 2015\Work\CMPSC 457\Labs\Lab 10\packages\nupengl.core.0.0.0.1\build\native\../..//build/native/lib/Win32\v120\freeglut.lib" kernel32.lib user32.lib gdi32.lib winspool.lib comdlg32.lib advapi32.lib shell32.lib ole32.lib oleaut32.lib uuid.lib odbc32.lib odbccp32.lib /MANIFEST /MANIFESTUAC:"level='asInvoker' uiAccess='false'" /manifest:embed /DEBUG /PDB:"C:\Users\mp755\Desktop\SPRING 2015\Work\CMPSC 457\Labs\Lab 10\Debug\Lab10_Tutorial.pdb" /TLBID:1 /DYNAMICBASE /NXCOMPAT /IMPLIB:"C:\Users\mp755\Desktop\SPRING 2015\Work\CMPSC 457\Labs\Lab 10\Debug\Lab10_Tutorial.lib" /MACHINE:X86 Debug\Source.obj
         Lab10_Tutorial.vcxproj -> C:\Users\mp755\Desktop\SPRING 2015\Work\CMPSC 457\Labs\Lab 10\Debug\Lab10_Tutorial.exe
     1>Done Building Project "C:\Users\mp755\Desktop\SPRING 2015\Work\CMPSC 457\Labs\Lab 10\Lab10_Tutorial\Lab10_Tutorial.vcxproj" (Build target(s)).

Build succeeded.

Time Elapsed 00:00:02.07
